# JRE version: OpenJDK Runtime Environment Temurin-21.0.10+7 (21.0.10+7) (build 21.0.10+7-LTS)
# Java VM: OpenJDK 64-Bit Server VM Temurin-21.0.10+7 (21.0.10+7-LTS, mixed mode, sharing, tiered, compressed oops, compressed class ptrs, g1 gc, windows-amd64)
GC Precious Log:
 CardTable entry size: 512
 Card Set container configuration: InlinePtr #cards 5 size 8 Array Of Cards #cards 12 size 40 Howl #buckets 4 coarsen threshold 1843 Howl Bitmap #cards 512 size 80 coarsen threshold 460 Card regions per heap region 1 cards per card region 2048
 CPUs: 8 total, 8 available
 Memory: 7920M
 Large Page Support: Disabled
 NUMA Support: Disabled
 Compressed Oops: Enabled (32-bit)
 Heap Region Size: 1M
 Heap Min Capacity: 512M
 Heap Initial Capacity: 512M
 Heap Max Capacity: 1G
 Pre-touch: Disabled
 Parallel Workers: 8
 Concurrent Workers: 2
 Concurrent Refinement Workers: 8
 Periodic GC: Disabled
Heap:
 garbage-first heap   total 524288K, used 95544K [0x00000000c0000000, 0x0000000100000000)
  region size 1024K, 35 young (35840K), 31 survivors (31744K)
 Metaspace       used 64735K, committed 65920K, reserved 1114112K
  class space    used 7026K, committed 7552K, reserved 1048576K
GC Heap History (13 events):
Event: 3.002 GC heap before
{Heap before GC invocations=0 (full 0):
 garbage-first heap   total 524288K, used 25600K [0x00000000c0000000, 0x0000000100000000)
  region size 1024K, 25 young (25600K), 0 survivors (0K)
 Metaspace       used 4341K, committed 4608K, reserved 1114112K
  class space    used 474K, committed 576K, reserved 1048576K
}
Event: 3.007 GC heap after
{Heap after GC invocations=1 (full 0):
 garbage-first heap   total 524288K, used 3616K [0x00000000c0000000, 0x0000000100000000)
  region size 1024K, 4 young (4096K), 4 survivors (4096K)
 Metaspace       used 4341K, committed 4608K, reserved 1114112K
  class space    used 474K, committed 576K, reserved 1048576K
}
Event: 16.167 GC heap before
{Heap before GC invocations=1 (full 0):
 garbage-first heap   total 524288K, used 37408K [0x00000000c0000000, 0x0000000100000000)
  region size 1024K, 37 young (37888K), 4 survivors (4096K)
 Metaspace       used 9093K, committed 9472K, reserved 1114112K
  class space    used 975K, committed 1152K, reserved 1048576K
}
Event: 16.178 GC heap after
{Heap after GC invocations=2 (full 0):
 garbage-first heap   total 524288K, used 6873K [0x00000000c0000000, 0x0000000100000000)
  region size 1024K, 4 young (4096K), 4 survivors (4096K)
 Metaspace       used 9093K, committed 9472K, reserved 1114112K
  class space    used 975K, committed 1152K, reserved 1048576K
}
Event: 36.160 GC heap before
{Heap before GC invocations=2 (full 0):
 garbage-first heap   total 524288K, used 132825K [0x00000000c0000000, 0x0000000100000000)
  region size 1024K, 129 young (132096K), 4 survivors (4096K)
 Metaspace       used 20769K, committed 21504K, reserved 1114112K
  class space    used 2135K, committed 2496K, reserved 1048576K
}
Event: 36.175 GC heap after
{Heap after GC invocations=3 (full 0):
 garbage-first heap   total 524288K, used 15467K [0x00000000c0000000, 0x0000000100000000)
  region size 1024K, 12 young (12288K), 12 survivors (12288K)
 Metaspace       used 20769K, committed 21504K, reserved 1114112K
  class space    used 2135K, committed 2496K, reserved 1048576K
}
Event: 37.962 GC heap before
{Heap before GC invocations=4 (full 0):
 garbage-first heap   total 524288K, used 137323K [0x00000000c0000000, 0x0000000100000000)
  region size 1024K, 131 young (134144K), 12 survivors (12288K)
 Metaspace       used 35060K, committed 36096K, reserved 1114112K
  class space    used 3656K, committed 4096K, reserved 1048576K
}
Event: 37.978 GC heap after
{Heap after GC invocations=5 (full 0):
 garbage-first heap   total 524288K, used 22278K [0x00000000c0000000, 0x0000000100000000)
  region size 1024K, 17 young (17408K), 17 survivors (17408K)
 Metaspace       used 35060K, committed 36096K, reserved 1114112K
  class space    used 3656K, committed 4096K, reserved 1048576K
}
Event: 41.700 GC heap before
{Heap before GC invocations=6 (full 0):
 garbage-first heap   total 524288K, used 216838K [0x00000000c0000000, 0x0000000100000000)
  region size 1024K, 207 young (211968K), 17 survivors (17408K)
 Metaspace       used 51996K, committed 53184K, reserved 1114112K
  class space    used 5750K, committed 6272K, reserved 1048576K
}
Event: 41.732 GC heap after
{Heap after GC invocations=7 (full 0):
 garbage-first heap   total 524288K, used 33670K [0x00000000c0000000, 0x0000000100000000)
  region size 1024K, 25 young (25600K), 25 survivors (25600K)
 Metaspace       used 51996K, committed 53184K, reserved 1114112K
  class space    used 5750K, committed 6272K, reserved 1048576K
}
Event: 44.177 GC heap before
{Heap before GC invocations=7 (full 0):
 garbage-first heap   total 524288K, used 307078K [0x00000000c0000000, 0x0000000100000000)
  region size 1024K, 293 young (300032K), 25 survivors (25600K)
 Metaspace       used 59164K, committed 60288K, reserved 1114112K
  class space    used 6446K, committed 6912K, reserved 1048576K
}
Event: 44.238 GC heap after
{Heap after GC invocations=8 (full 0):
 garbage-first heap   total 524288K, used 58656K [0x00000000c0000000, 0x0000000100000000)
  region size 1024K, 39 young (39936K), 39 survivors (39936K)
 Metaspace       used 59164K, committed 60288K, reserved 1114112K
  class space    used 6446K, committed 6912K, reserved 1048576K
}
Event: 46.791 GC heap before
{Heap before GC invocations=9 (full 0):
 garbage-first heap   total 524288K, used 272672K [0x00000000c0000000, 0x0000000100000000)
  region size 1024K, 246 young (251904K), 39 survivors (39936K)
 Metaspace       used 64735K, committed 65920K, reserved 1114112K
  class space    used 7026K, committed 7552K, reserved 1048576K
}

